<?xml version="1.0" encoding="UTF-8"?>
<!-- Generated by org.testng.reporters.JUnitReportReporter -->
<testsuite hostname="XE-GGN-IT-04731" failures="0" tests="1" name="com.absli.testcases.EndToEndJointLifeScenarioLifeShieldTest" time="778.930" errors="0" timestamp="17 Feb 2023 06:59:11 GMT" skipped="0">
  <testcase classname="com.absli.testcases.EndToEndJointLifeScenarioLifeShieldTest" name="CompleteJointLifeScenarioNonSmokerRegularPayAnnual" time="778.930"/>
</testsuite> <!-- com.absli.testcases.EndToEndJointLifeScenarioLifeShieldTest -->
