<?xml version="1.0" encoding="UTF-8"?>
<!-- Generated by org.testng.reporters.JUnitReportReporter -->
<testsuite hostname="LAPTOP-PJ1L322B" failures="0" tests="1" name="com.absli.testcases.EndToEndProposerMinorASPTest" time="596.630" errors="0" timestamp="16 Feb 2023 09:50:02 GMT" skipped="0">
  <testcase classname="com.absli.testcases.EndToEndProposerMinorASPTest" name="EndToEndMinorASPWeb" time="596.630"/>
</testsuite> <!-- com.absli.testcases.EndToEndProposerMinorASPTest -->
