<?xml version="1.0" encoding="UTF-8"?>
<!-- Generated by org.testng.reporters.JUnitReportReporter -->
<testsuite hostname="XE-GGN-IT-04731" failures="0" tests="1" name="com.absli.testcases.DemoTest" time="5.341" errors="0" timestamp="22 Jun 2023 12:42:04 GMT" skipped="0">
  <testcase classname="com.absli.testcases.DemoTest" name="automationdemo" time="5.341"/>
</testsuite> <!-- com.absli.testcases.DemoTest -->
