<?xml version="1.0" encoding="UTF-8"?>
<!-- Generated by org.testng.reporters.JUnitReportReporter -->
<testsuite hostname="LAPTOP-PJ1L322B" failures="0" tests="1" name="com.absli.testcases.EndToEndProposerMajorASPTest" time="621.319" errors="0" timestamp="16 Feb 2023 09:23:35 GMT" skipped="0">
  <testcase classname="com.absli.testcases.EndToEndProposerMajorASPTest" name="EndToEndMajorASPWeb" time="621.319"/>
</testsuite> <!-- com.absli.testcases.EndToEndProposerMajorASPTest -->
