<?xml version="1.0" encoding="UTF-8"?>
<!-- Generated by org.testng.reporters.JUnitReportReporter -->
<testsuite hostname="XE-GGN-IT-04731" failures="0" tests="1" name="com.absli.testcases.LoginPageTest" time="8.468" errors="0" timestamp="26 Apr 2023 05:32:30 GMT" skipped="0">
  <testcase classname="com.absli.testcases.LoginPageTest" name="demo5" time="8.468"/>
</testsuite> <!-- com.absli.testcases.LoginPageTest -->
