<?xml version="1.0" encoding="UTF-8"?>
<!-- Generated by org.testng.reporters.JUnitReportReporter -->
<testsuite hostname="LAPTOP-8KATJP3L" failures="0" tests="1" name="com.absli.testcases.EndToEndProposerMinorFDTest" time="1.261" errors="1" timestamp="13 Feb 2023 06:52:37 GMT" skipped="0">
  <testcase classname="com.absli.testcases.EndToEndProposerMinorFDTest" name="EndToEndMinorFDWeb" time="1.261">
    <error message="
Data provider mismatch
Method: EndToEndMinorFDWeb([Parameter{index=0, type=java.lang.String, declaredAnnotations=[]}, Parameter{index=1, type=java.lang.String, declaredAnnotations=[]}, Parameter{index=2, type=java.lang.String, declaredAnnotations=[]}, Parameter{index=3, type=java.lang.String, declaredAnnotations=[]}, Parameter{index=4, type=java.lang.String, declaredAnnotations=[]}, Parameter{index=5, type=java.lang.String, declaredAnnotations=[]}, Parameter{index=6, type=java.lang.String, declaredAnnotations=[]}, Parameter{index=7, type=java.lang.String, declaredAnnotations=[]}, Parameter{index=8, type=java.lang.String, declaredAnnotations=[]}, Parameter{index=9, type=java.lang.String, declaredAnnotations=[]}, Parameter{index=10, type=java.lang.String, declaredAnnotations=[]}, Parameter{index=11, type=java.lang.String, declaredAnnotations=[]}, Parameter{index=12, type=java.lang.String, declaredAnnotations=[]}, Parameter{index=13, type=java.lang.String, declaredAnnotations=[]}, Parameter{index=14, type=java.lang.String, declaredAnnotations=[]}, Parameter{index=15, type=java.lang.String, declaredAnnotations=[]}, Parameter{index=16, type=java.lang.String, declaredAnnotations=[]}, Parameter{index=17, type=java.lang.String, declaredAnnotations=[]}, Parameter{index=18, type=java.lang.String, declaredAnnotations=[]}, Parameter{index=19, type=java.lang.String, declaredAnnotations=[]}, Parameter{index=20, type=java.lang.String, declaredAnnotations=[]}, Parameter{index=21, type=java.lang.String, declaredAnnotations=[]}, Parameter{index=22, type=java.lang.String, declaredAnnotations=[]}, Parameter{index=23, type=java.lang.String, declaredAnnotations=[]}, Parameter{index=24, type=java.lang.String, declaredAnnotations=[]}, Parameter{index=25, type=java.lang.String, declaredAnnotations=[]}, Parameter{index=26, type=java.lang.String, declaredAnnotations=[]}, Parameter{index=27, type=java.lang.String, declaredAnnotations=[]}, Parameter{index=28, type=java.lang.String, declaredAnnotations=[]}, Parameter{index=29, type=java.lang.String, declaredAnnotations=[]}, Parameter{index=30, type=java.lang.String, declaredAnnotations=[]}, Parameter{index=31, type=java.lang.String, declaredAnnotations=[]}, Parameter{index=32, type=java.lang.String, declaredAnnotations=[]}, Parameter{index=33, type=java.lang.String, declaredAnnotations=[]}, Parameter{index=34, type=java.lang.String, declaredAnnotations=[]}, Parameter{index=35, type=java.lang.String, declaredAnnotations=[]}, Parameter{index=36, type=java.lang.String, declaredAnnotations=[]}, Parameter{index=37, type=java.lang.String, declaredAnnotations=[]}, Parameter{index=38, type=java.lang.String, declaredAnnotations=[]}, Parameter{index=39, type=java.lang.String, declaredAnnotations=[]}, Parameter{index=40, type=java.lang.String, declaredAnnotations=[]}, Parameter{index=41, type=java.lang.String, declaredAnnotations=[]}, Parameter{index=42, type=java.lang.String, declaredAnnotations=[]}, Parameter{index=43, type=java.lang.String, declaredAnnotations=[]}, Parameter{index=44, type=java.lang.String, declaredAnnotations=[]}, Parameter{index=45, type=java.lang.String, declaredAnnotations=[]}, Parameter{index=46, type=java.lang.String, declaredAnnotations=[]}, Parameter{index=47, type=java.lang.String, declaredAnnotations=[]}, Parameter{index=48, type=java.lang.String, declaredAnnotations=[]}, Parameter{index=49, type=java.lang.String, declaredAnnotations=[]}, Parameter{index=50, type=java.lang.String, declaredAnnotations=[]}, Parameter{index=51, type=java.lang.String, declaredAnnotations=[]}, Parameter{index=52, type=java.lang.String, declaredAnnotations=[]}, Parameter{index=53, type=java.lang.String, declaredAnnotations=[]}, Parameter{index=54, type=java.lang.String, declaredAnnotations=[]}, Parameter{index=55, type=java.lang.String, declaredAnnotations=[]}, Parameter{index=56, type=java.lang.String, declaredAnnotations=[]}, Parameter{index=57, type=java.lang.String, declaredAnnotations=[]}, Parameter{index=58, type=java.lang.String, declaredAnnotations=[]}, Parameter{index=59, type=java.lang.String, declaredAnnotations=[]}, Parameter{index=60, type=java.lang.String, declaredAnnotations=[]}, Parameter{index=61, type=java.lang.String, declaredAnnotations=[]}, Parameter{index=62, type=java.lang.String, declaredAnnotations=[]}, Parameter{index=63, type=java.lang.String, declaredAnnotations=[]}, Parameter{index=64, type=java.lang.String, declaredAnnotations=[]}, Parameter{index=65, type=java.lang.String, declaredAnnotations=[]}, Parameter{index=66, type=java.lang.String, declaredAnnotations=[]}, Parameter{index=67, type=java.lang.String, declaredAnnotations=[]}, Parameter{index=68, type=java.lang.String, declaredAnnotations=[]}, Parameter{index=69, type=java.lang.String, declaredAnnotations=[]}, Parameter{index=70, type=java.lang.String, declaredAnnotations=[]}, Parameter{index=71, type=java.lang.String, declaredAnnotations=[]}, Parameter{index=72, type=java.lang.String, declaredAnnotations=[]}, Parameter{index=73, type=java.lang.String, declaredAnnotations=[]}, Parameter{index=74, type=java.lang.String, declaredAnnotations=[]}, Parameter{index=75, type=java.lang.String, declaredAnnotations=[]}, Parameter{index=76, type=java.lang.String, declaredAnnotations=[]}, Parameter{index=77, type=java.lang.String, declaredAnnotations=[]}, Parameter{index=78, type=java.lang.String, declaredAnnotations=[]}, Parameter{index=79, type=java.lang.String, declaredAnnotations=[]}, Parameter{index=80, type=java.lang.String, declaredAnnotations=[]}, Parameter{index=81, type=java.lang.String, declaredAnnotations=[]}, Parameter{index=82, type=java.lang.String, declaredAnnotations=[]}, Parameter{index=83, type=java.lang.String, declaredAnnotations=[]}, Parameter{index=84, type=java.lang.String, declaredAnnotations=[]}, Parameter{index=85, type=java.lang.String, declaredAnnotations=[]}, Parameter{index=86, type=java.lang.String, declaredAnnotations=[]}, Parameter{index=87, type=java.lang.String, declaredAnnotations=[]}, Parameter{index=88, type=java.lang.String, declaredAnnotations=[]}, Parameter{index=89, type=java.lang.String, declaredAnnotations=[]}, Parameter{index=90, type=java.lang.String, declaredAnnotations=[]}, Parameter{index=91, type=java.lang.String, declaredAnnotations=[]}, Parameter{index=92, type=java.lang.String, declaredAnnotations=[]}, Parameter{index=93, type=java.lang.String, declaredAnnotations=[]}, Parameter{index=94, type=java.lang.String, declaredAnnotations=[]}, Parameter{index=95, type=java.lang.String, declaredAnnotations=[]}, Parameter{index=96, type=java.lang.String, declaredAnnotations=[]}, Parameter{index=97, type=java.lang.String, declaredAnnotations=[]}, Parameter{index=98, type=java.lang.String, declaredAnnotations=[]}, Parameter{index=99, type=java.lang.String, declaredAnnotations=[]}, Parameter{index=100, type=java.lang.String, declaredAnnotations=[]}, Parameter{index=101, type=java.lang.String, declaredAnnotations=[]}, Parameter{index=102, type=java.lang.String, declaredAnnotations=[]}, Parameter{index=103, type=java.lang.String, declaredAnnotations=[]}, Parameter{index=104, type=java.lang.String, declaredAnnotations=[]}, Parameter{index=105, type=java.lang.String, declaredAnnotations=[]}, Parameter{index=106, type=java.lang.String, declaredAnnotations=[]}, Parameter{index=107, type=java.lang.String, declaredAnnotations=[]}, Parameter{index=108, type=java.lang.String, declaredAnnotations=[]}, Parameter{index=109, type=java.lang.String, declaredAnnotations=[]}, Parameter{index=110, type=java.lang.String, declaredAnnotations=[]}, Parameter{index=111, type=java.lang.String, declaredAnnotations=[]}, Parameter{index=112, type=java.lang.String, declaredAnnotations=[]}, Parameter{index=113, type=java.lang.String, declaredAnnotations=[]}, Parameter{index=114, type=java.lang.String, declaredAnnotations=[]}, Parameter{index=115, type=java.lang.String, declaredAnnotations=[]}, Parameter{index=116, type=java.lang.String, declaredAnnotations=[]}, Parameter{index=117, type=java.lang.String, declaredAnnotations=[]}, Parameter{index=118, type=java.lang.String, declaredAnnotations=[]}, Parameter{index=119, type=java.lang.String, declaredAnnotations=[]}, Parameter{index=120, type=java.lang.String, declaredAnnotations=[]}, Parameter{index=121, type=java.lang.String, declaredAnnotations=[]}, Parameter{index=122, type=java.lang.String, declaredAnnotations=[]}, Parameter{index=123, type=java.lang.String, declaredAnnotations=[]}, Parameter{index=124, type=java.lang.String, declaredAnnotations=[]}, Parameter{index=125, type=java.lang.String, declaredAnnotations=[]}, Parameter{index=126, type=java.lang.String, declaredAnnotations=[]}, Parameter{index=127, type=java.lang.String, declaredAnnotations=[]}, Parameter{index=128, type=java.lang.String, declaredAnnotations=[]}, Parameter{index=129, type=java.lang.String, declaredAnnotations=[]}, Parameter{index=130, type=java.lang.String, declaredAnnotations=[]}, Parameter{index=131, type=java.lang.String, declaredAnnotations=[]}, Parameter{index=132, type=java.lang.String, declaredAnnotations=[]}, Parameter{index=133, type=java.lang.String, declaredAnnotations=[]}, Parameter{index=134, type=java.lang.String, declaredAnnotations=[]}, Parameter{index=135, type=java.lang.String, declaredAnnotations=[]}, Parameter{index=136, type=java.lang.String, declaredAnnotations=[]}, Parameter{index=137, type=java.lang.String, declaredAnnotations=[]}, Parameter{index=138, type=java.lang.String, declaredAnnotations=[]}, Parameter{index=139, type=java.lang.String, declaredAnnotations=[]}, Parameter{index=140, type=java.lang.String, declaredAnnotations=[]}, Parameter{index=141, type=java.lang.String, declaredAnnotations=[]}, Parameter{index=142, type=java.lang.String, declaredAnnotations=[]}, Parameter{index=143, type=java.lang.String, declaredAnnotations=[]}])
Arguments: [(java.lang.String)IN073662,(java.lang.String)str,(java.lang.String)12345678901234,(java.lang.String)NO,(java.lang.String)Mother,(java.lang.String)YES,(java.lang.String)NO,(java.lang.String)7.829432479E9,(java.lang.String)ATUPP1747N,(java.lang.String)Ms.,(java.lang.String)SRIDEVI,(java.lang.String)19,(java.lang.String)06,(java.lang.String)1982,(java.lang.String)12345,(java.lang.String)9137811342,(java.lang.String)Mr.,(java.lang.String)NIKHIL,(java.lang.String)Satish,(java.lang.String)Gupta,(java.lang.String)20,(java.lang.String)05,(java.lang.String)2010,(java.lang.String)Recommend Plans,(java.lang.String)1000000,(java.lang.String)Retired,(java.lang.String)Married + grown-up kids,(java.lang.String)Conservative,(java.lang.String)Retirement Planning,(java.lang.String)NO,(java.lang.String)10000.0,(java.lang.String)ABSLI Fixed Maturity Plan,(java.lang.String)NO,(java.lang.String)500000,(java.lang.String)NO,(java.lang.String)Option A,(java.lang.String)NO,(java.lang.String)Single Pay,(java.lang.String)NO,(java.lang.String)10,(java.lang.String)NO,(java.lang.String)NO,(java.lang.String)DCB,(java.lang.String)No,(java.lang.String)inven12345,(java.lang.String)ICIC0002505,(java.lang.String)250501504746,(java.lang.String)NO,(java.lang.String)current,(java.lang.String)Single Premium,(java.lang.String)Salary,(java.lang.String)Residential Address,(java.lang.String)413501.0,(java.lang.String)abced,(java.lang.String)abcd,(java.lang.String)abcd,(java.lang.String)NO,(java.lang.String)400606,(java.lang.String)Test,(java.lang.String)English,(java.lang.String)8600599675,(java.lang.String)12345.0,(java.lang.String)absli.test2021@gmail.com,(java.lang.String)Married,(java.lang.String)satish,(java.lang.String)Maya,(java.lang.String)ramesh,(java.lang.String)Maharashtra,(java.lang.String)Thane,(java.lang.String)NO,(java.lang.String)Karvy Insurance Repository,(java.lang.String)NO,(java.lang.String)Test,(java.lang.String)Graduate,(java.lang.String)rakesh,(java.lang.String)Business,(java.lang.String)Partnership,(java.lang.String)TEST,(java.lang.String)500000.0,(java.lang.String)NO,(java.lang.String)1.2345678E7,(java.lang.String)rakesh,(java.lang.String)anjali,(java.lang.String)Parents,(java.lang.String)india,(java.lang.String)School,(java.lang.String)Class 12,(java.lang.String)NO,(java.lang.String)Test123,(java.lang.String)NO,(java.lang.String)Test,(java.lang.String)500000.0,(java.lang.String)1.2345678E7,(java.lang.String)2010.0,(java.lang.String)Test,(java.lang.String)5000.0,(java.lang.String)Active,(java.lang.String)NO,(java.lang.String)NO,(java.lang.String)Protection,(java.lang.String)Child&#039;s Education,(java.lang.String)Wealth Creation,(java.lang.String)55,(java.lang.String)NO,(java.lang.String)10,(java.lang.String)NO,(java.lang.String)Chronic DisOrder,(java.lang.String)NO,(java.lang.String)Cough,(java.lang.String)Test,(java.lang.String)NO,(java.lang.String)Diagnosed,(java.lang.String)10,(java.lang.String)10,(java.lang.String)2020,(java.lang.String)NO,(java.lang.String)NO,(java.lang.String)NO,(java.lang.String)Diagnosis 2,(java.lang.String),(java.lang.String)YES,(java.lang.String)Aadhaar Card,(java.lang.String)Audited Business financial,(java.lang.String)Aadhar card,(java.lang.String)NO,(java.lang.String)NO,(java.lang.String)TEST,(java.lang.String)Relative,(java.lang.String)10,(java.lang.String)5,(java.lang.String)NO,(java.lang.String)NO,(java.lang.String)NO,(java.lang.String)NO]" type="org.testng.internal.reflect.MethodMatcherException">
      <![CDATA[org.testng.internal.reflect.MethodMatcherException: 
Data provider mismatch
Method: EndToEndMinorFDWeb([Parameter{index=0, type=java.lang.String, declaredAnnotations=[]}, Parameter{index=1, type=java.lang.String, declaredAnnotations=[]}, Parameter{index=2, type=java.lang.String, declaredAnnotations=[]}, Parameter{index=3, type=java.lang.String, declaredAnnotations=[]}, Parameter{index=4, type=java.lang.String, declaredAnnotations=[]}, Parameter{index=5, type=java.lang.String, declaredAnnotations=[]}, Parameter{index=6, type=java.lang.String, declaredAnnotations=[]}, Parameter{index=7, type=java.lang.String, declaredAnnotations=[]}, Parameter{index=8, type=java.lang.String, declaredAnnotations=[]}, Parameter{index=9, type=java.lang.String, declaredAnnotations=[]}, Parameter{index=10, type=java.lang.String, declaredAnnotations=[]}, Parameter{index=11, type=java.lang.String, declaredAnnotations=[]}, Parameter{index=12, type=java.lang.String, declaredAnnotations=[]}, Parameter{index=13, type=java.lang.String, declaredAnnotations=[]}, Parameter{index=14, type=java.lang.String, declaredAnnotations=[]}, Parameter{index=15, type=java.lang.String, declaredAnnotations=[]}, Parameter{index=16, type=java.lang.String, declaredAnnotations=[]}, Parameter{index=17, type=java.lang.String, declaredAnnotations=[]}, Parameter{index=18, type=java.lang.String, declaredAnnotations=[]}, Parameter{index=19, type=java.lang.String, declaredAnnotations=[]}, Parameter{index=20, type=java.lang.String, declaredAnnotations=[]}, Parameter{index=21, type=java.lang.String, declaredAnnotations=[]}, Parameter{index=22, type=java.lang.String, declaredAnnotations=[]}, Parameter{index=23, type=java.lang.String, declaredAnnotations=[]}, Parameter{index=24, type=java.lang.String, declaredAnnotations=[]}, Parameter{index=25, type=java.lang.String, declaredAnnotations=[]}, Parameter{index=26, type=java.lang.String, declaredAnnotations=[]}, Parameter{index=27, type=java.lang.String, declaredAnnotations=[]}, Parameter{index=28, type=java.lang.String, declaredAnnotations=[]}, Parameter{index=29, type=java.lang.String, declaredAnnotations=[]}, Parameter{index=30, type=java.lang.String, declaredAnnotations=[]}, Parameter{index=31, type=java.lang.String, declaredAnnotations=[]}, Parameter{index=32, type=java.lang.String, declaredAnnotations=[]}, Parameter{index=33, type=java.lang.String, declaredAnnotations=[]}, Parameter{index=34, type=java.lang.String, declaredAnnotations=[]}, Parameter{index=35, type=java.lang.String, declaredAnnotations=[]}, Parameter{index=36, type=java.lang.String, declaredAnnotations=[]}, Parameter{index=37, type=java.lang.String, declaredAnnotations=[]}, Parameter{index=38, type=java.lang.String, declaredAnnotations=[]}, Parameter{index=39, type=java.lang.String, declaredAnnotations=[]}, Parameter{index=40, type=java.lang.String, declaredAnnotations=[]}, Parameter{index=41, type=java.lang.String, declaredAnnotations=[]}, Parameter{index=42, type=java.lang.String, declaredAnnotations=[]}, Parameter{index=43, type=java.lang.String, declaredAnnotations=[]}, Parameter{index=44, type=java.lang.String, declaredAnnotations=[]}, Parameter{index=45, type=java.lang.String, declaredAnnotations=[]}, Parameter{index=46, type=java.lang.String, declaredAnnotations=[]}, Parameter{index=47, type=java.lang.String, declaredAnnotations=[]}, Parameter{index=48, type=java.lang.String, declaredAnnotations=[]}, Parameter{index=49, type=java.lang.String, declaredAnnotations=[]}, Parameter{index=50, type=java.lang.String, declaredAnnotations=[]}, Parameter{index=51, type=java.lang.String, declaredAnnotations=[]}, Parameter{index=52, type=java.lang.String, declaredAnnotations=[]}, Parameter{index=53, type=java.lang.String, declaredAnnotations=[]}, Parameter{index=54, type=java.lang.String, declaredAnnotations=[]}, Parameter{index=55, type=java.lang.String, declaredAnnotations=[]}, Parameter{index=56, type=java.lang.String, declaredAnnotations=[]}, Parameter{index=57, type=java.lang.String, declaredAnnotations=[]}, Parameter{index=58, type=java.lang.String, declaredAnnotations=[]}, Parameter{index=59, type=java.lang.String, declaredAnnotations=[]}, Parameter{index=60, type=java.lang.String, declaredAnnotations=[]}, Parameter{index=61, type=java.lang.String, declaredAnnotations=[]}, Parameter{index=62, type=java.lang.String, declaredAnnotations=[]}, Parameter{index=63, type=java.lang.String, declaredAnnotations=[]}, Parameter{index=64, type=java.lang.String, declaredAnnotations=[]}, Parameter{index=65, type=java.lang.String, declaredAnnotations=[]}, Parameter{index=66, type=java.lang.String, declaredAnnotations=[]}, Parameter{index=67, type=java.lang.String, declaredAnnotations=[]}, Parameter{index=68, type=java.lang.String, declaredAnnotations=[]}, Parameter{index=69, type=java.lang.String, declaredAnnotations=[]}, Parameter{index=70, type=java.lang.String, declaredAnnotations=[]}, Parameter{index=71, type=java.lang.String, declaredAnnotations=[]}, Parameter{index=72, type=java.lang.String, declaredAnnotations=[]}, Parameter{index=73, type=java.lang.String, declaredAnnotations=[]}, Parameter{index=74, type=java.lang.String, declaredAnnotations=[]}, Parameter{index=75, type=java.lang.String, declaredAnnotations=[]}, Parameter{index=76, type=java.lang.String, declaredAnnotations=[]}, Parameter{index=77, type=java.lang.String, declaredAnnotations=[]}, Parameter{index=78, type=java.lang.String, declaredAnnotations=[]}, Parameter{index=79, type=java.lang.String, declaredAnnotations=[]}, Parameter{index=80, type=java.lang.String, declaredAnnotations=[]}, Parameter{index=81, type=java.lang.String, declaredAnnotations=[]}, Parameter{index=82, type=java.lang.String, declaredAnnotations=[]}, Parameter{index=83, type=java.lang.String, declaredAnnotations=[]}, Parameter{index=84, type=java.lang.String, declaredAnnotations=[]}, Parameter{index=85, type=java.lang.String, declaredAnnotations=[]}, Parameter{index=86, type=java.lang.String, declaredAnnotations=[]}, Parameter{index=87, type=java.lang.String, declaredAnnotations=[]}, Parameter{index=88, type=java.lang.String, declaredAnnotations=[]}, Parameter{index=89, type=java.lang.String, declaredAnnotations=[]}, Parameter{index=90, type=java.lang.String, declaredAnnotations=[]}, Parameter{index=91, type=java.lang.String, declaredAnnotations=[]}, Parameter{index=92, type=java.lang.String, declaredAnnotations=[]}, Parameter{index=93, type=java.lang.String, declaredAnnotations=[]}, Parameter{index=94, type=java.lang.String, declaredAnnotations=[]}, Parameter{index=95, type=java.lang.String, declaredAnnotations=[]}, Parameter{index=96, type=java.lang.String, declaredAnnotations=[]}, Parameter{index=97, type=java.lang.String, declaredAnnotations=[]}, Parameter{index=98, type=java.lang.String, declaredAnnotations=[]}, Parameter{index=99, type=java.lang.String, declaredAnnotations=[]}, Parameter{index=100, type=java.lang.String, declaredAnnotations=[]}, Parameter{index=101, type=java.lang.String, declaredAnnotations=[]}, Parameter{index=102, type=java.lang.String, declaredAnnotations=[]}, Parameter{index=103, type=java.lang.String, declaredAnnotations=[]}, Parameter{index=104, type=java.lang.String, declaredAnnotations=[]}, Parameter{index=105, type=java.lang.String, declaredAnnotations=[]}, Parameter{index=106, type=java.lang.String, declaredAnnotations=[]}, Parameter{index=107, type=java.lang.String, declaredAnnotations=[]}, Parameter{index=108, type=java.lang.String, declaredAnnotations=[]}, Parameter{index=109, type=java.lang.String, declaredAnnotations=[]}, Parameter{index=110, type=java.lang.String, declaredAnnotations=[]}, Parameter{index=111, type=java.lang.String, declaredAnnotations=[]}, Parameter{index=112, type=java.lang.String, declaredAnnotations=[]}, Parameter{index=113, type=java.lang.String, declaredAnnotations=[]}, Parameter{index=114, type=java.lang.String, declaredAnnotations=[]}, Parameter{index=115, type=java.lang.String, declaredAnnotations=[]}, Parameter{index=116, type=java.lang.String, declaredAnnotations=[]}, Parameter{index=117, type=java.lang.String, declaredAnnotations=[]}, Parameter{index=118, type=java.lang.String, declaredAnnotations=[]}, Parameter{index=119, type=java.lang.String, declaredAnnotations=[]}, Parameter{index=120, type=java.lang.String, declaredAnnotations=[]}, Parameter{index=121, type=java.lang.String, declaredAnnotations=[]}, Parameter{index=122, type=java.lang.String, declaredAnnotations=[]}, Parameter{index=123, type=java.lang.String, declaredAnnotations=[]}, Parameter{index=124, type=java.lang.String, declaredAnnotations=[]}, Parameter{index=125, type=java.lang.String, declaredAnnotations=[]}, Parameter{index=126, type=java.lang.String, declaredAnnotations=[]}, Parameter{index=127, type=java.lang.String, declaredAnnotations=[]}, Parameter{index=128, type=java.lang.String, declaredAnnotations=[]}, Parameter{index=129, type=java.lang.String, declaredAnnotations=[]}, Parameter{index=130, type=java.lang.String, declaredAnnotations=[]}, Parameter{index=131, type=java.lang.String, declaredAnnotations=[]}, Parameter{index=132, type=java.lang.String, declaredAnnotations=[]}, Parameter{index=133, type=java.lang.String, declaredAnnotations=[]}, Parameter{index=134, type=java.lang.String, declaredAnnotations=[]}, Parameter{index=135, type=java.lang.String, declaredAnnotations=[]}, Parameter{index=136, type=java.lang.String, declaredAnnotations=[]}, Parameter{index=137, type=java.lang.String, declaredAnnotations=[]}, Parameter{index=138, type=java.lang.String, declaredAnnotations=[]}, Parameter{index=139, type=java.lang.String, declaredAnnotations=[]}, Parameter{index=140, type=java.lang.String, declaredAnnotations=[]}, Parameter{index=141, type=java.lang.String, declaredAnnotations=[]}, Parameter{index=142, type=java.lang.String, declaredAnnotations=[]}, Parameter{index=143, type=java.lang.String, declaredAnnotations=[]}])
Arguments: [(java.lang.String)IN073662,(java.lang.String)str,(java.lang.String)12345678901234,(java.lang.String)NO,(java.lang.String)Mother,(java.lang.String)YES,(java.lang.String)NO,(java.lang.String)7.829432479E9,(java.lang.String)ATUPP1747N,(java.lang.String)Ms.,(java.lang.String)SRIDEVI,(java.lang.String)19,(java.lang.String)06,(java.lang.String)1982,(java.lang.String)12345,(java.lang.String)9137811342,(java.lang.String)Mr.,(java.lang.String)NIKHIL,(java.lang.String)Satish,(java.lang.String)Gupta,(java.lang.String)20,(java.lang.String)05,(java.lang.String)2010,(java.lang.String)Recommend Plans,(java.lang.String)1000000,(java.lang.String)Retired,(java.lang.String)Married + grown-up kids,(java.lang.String)Conservative,(java.lang.String)Retirement Planning,(java.lang.String)NO,(java.lang.String)10000.0,(java.lang.String)ABSLI Fixed Maturity Plan,(java.lang.String)NO,(java.lang.String)500000,(java.lang.String)NO,(java.lang.String)Option A,(java.lang.String)NO,(java.lang.String)Single Pay,(java.lang.String)NO,(java.lang.String)10,(java.lang.String)NO,(java.lang.String)NO,(java.lang.String)DCB,(java.lang.String)No,(java.lang.String)inven12345,(java.lang.String)ICIC0002505,(java.lang.String)250501504746,(java.lang.String)NO,(java.lang.String)current,(java.lang.String)Single Premium,(java.lang.String)Salary,(java.lang.String)Residential Address,(java.lang.String)413501.0,(java.lang.String)abced,(java.lang.String)abcd,(java.lang.String)abcd,(java.lang.String)NO,(java.lang.String)400606,(java.lang.String)Test,(java.lang.String)English,(java.lang.String)8600599675,(java.lang.String)12345.0,(java.lang.String)absli.test2021@gmail.com,(java.lang.String)Married,(java.lang.String)satish,(java.lang.String)Maya,(java.lang.String)ramesh,(java.lang.String)Maharashtra,(java.lang.String)Thane,(java.lang.String)NO,(java.lang.String)Karvy Insurance Repository,(java.lang.String)NO,(java.lang.String)Test,(java.lang.String)Graduate,(java.lang.String)rakesh,(java.lang.String)Business,(java.lang.String)Partnership,(java.lang.String)TEST,(java.lang.String)500000.0,(java.lang.String)NO,(java.lang.String)1.2345678E7,(java.lang.String)rakesh,(java.lang.String)anjali,(java.lang.String)Parents,(java.lang.String)india,(java.lang.String)School,(java.lang.String)Class 12,(java.lang.String)NO,(java.lang.String)Test123,(java.lang.String)NO,(java.lang.String)Test,(java.lang.String)500000.0,(java.lang.String)1.2345678E7,(java.lang.String)2010.0,(java.lang.String)Test,(java.lang.String)5000.0,(java.lang.String)Active,(java.lang.String)NO,(java.lang.String)NO,(java.lang.String)Protection,(java.lang.String)Child's Education,(java.lang.String)Wealth Creation,(java.lang.String)55,(java.lang.String)NO,(java.lang.String)10,(java.lang.String)NO,(java.lang.String)Chronic DisOrder,(java.lang.String)NO,(java.lang.String)Cough,(java.lang.String)Test,(java.lang.String)NO,(java.lang.String)Diagnosed,(java.lang.String)10,(java.lang.String)10,(java.lang.String)2020,(java.lang.String)NO,(java.lang.String)NO,(java.lang.String)NO,(java.lang.String)Diagnosis 2,(java.lang.String),(java.lang.String)YES,(java.lang.String)Aadhaar Card,(java.lang.String)Audited Business financial,(java.lang.String)Aadhar card,(java.lang.String)NO,(java.lang.String)NO,(java.lang.String)TEST,(java.lang.String)Relative,(java.lang.String)10,(java.lang.String)5,(java.lang.String)NO,(java.lang.String)NO,(java.lang.String)NO,(java.lang.String)NO]
	at org.testng.internal.reflect.DataProviderMethodMatcher.getConformingArguments(DataProviderMethodMatcher.java:49)
	at org.testng.internal.Invoker.injectParameters(Invoker.java:1293)
	at org.testng.internal.Invoker.invokeTestMethods(Invoker.java:1187)
	at org.testng.internal.TestMethodWorker.invokeTestMethods(TestMethodWorker.java:126)
	at org.testng.internal.TestMethodWorker.run(TestMethodWorker.java:109)
	at org.testng.TestRunner.privateRun(TestRunner.java:744)
	at org.testng.TestRunner.run(TestRunner.java:602)
	at org.testng.SuiteRunner.runTest(SuiteRunner.java:380)
	at org.testng.SuiteRunner.access$000(SuiteRunner.java:39)
	at org.testng.SuiteRunner$SuiteWorker.run(SuiteRunner.java:414)
	at org.testng.internal.thread.ThreadUtil$1.call(ThreadUtil.java:52)
	at java.base/java.util.concurrent.FutureTask.run(FutureTask.java:264)
	at java.base/java.util.concurrent.ThreadPoolExecutor.runWorker(ThreadPoolExecutor.java:1136)
	at java.base/java.util.concurrent.ThreadPoolExecutor$Worker.run(ThreadPoolExecutor.java:635)
	at java.base/java.lang.Thread.run(Thread.java:833)
]]>
    </error>
  </testcase> <!-- EndToEndMinorFDWeb -->
</testsuite> <!-- com.absli.testcases.EndToEndProposerMinorFDTest -->
